{"/Users/glorynsimba/Desktop/Glory_Nsimba_2024/Project-portfolio-3/Web_App_Integration/index.js": {"path":"/Users/glorynsimba/Desktop/Glory_Nsimba_2024/Project-portfolio-3/Web_App_Integration/index.js","statementMap":{"0":{"start":{"line":1,"column":19},"end":{"line":19,"column":1}},"1":{"start":{"line":2,"column":22},"end":{"line":2,"column":49}},"2":{"start":{"line":3,"column":2},"end":{"line":12,"column":3}},"3":{"start":{"line":3,"column":15},"end":{"line":3,"column":39}},"4":{"start":{"line":4,"column":20},"end":{"line":4,"column":36}},"5":{"start":{"line":6,"column":4},"end":{"line":6,"column":30}},"6":{"start":{"line":8,"column":4},"end":{"line":10,"column":5}},"7":{"start":{"line":9,"column":6},"end":{"line":9,"column":39}},"8":{"start":{"line":11,"column":4},"end":{"line":11,"column":33}},"9":{"start":{"line":13,"column":14},"end":{"line":13,"column":15}},"10":{"start":{"line":14,"column":2},"end":{"line":16,"column":3}},"11":{"start":{"line":14,"column":15},"end":{"line":14,"column":16}},"12":{"start":{"line":15,"column":4},"end":{"line":15,"column":30}},"13":{"start":{"line":18,"column":2},"end":{"line":18,"column":25}},"14":{"start":{"line":21,"column":0},"end":{"line":21,"column":28}}},"fnMap":{"0":{"name":"(anonymous_0)","decl":{"start":{"line":1,"column":19},"end":{"line":1,"column":20}},"loc":{"start":{"line":1,"column":30},"end":{"line":19,"column":1}},"line":1}},"branchMap":{"0":{"loc":{"start":{"line":8,"column":4},"end":{"line":10,"column":5}},"type":"if","locations":[{"start":{"line":8,"column":4},"end":{"line":10,"column":5}},{"start":{},"end":{}}],"line":8}},"s":{"0":1,"1":2,"2":2,"3":2,"4":6,"5":6,"6":6,"7":3,"8":6,"9":2,"10":2,"11":2,"12":24,"13":2,"14":1},"f":{"0":2},"b":{"0":[3,3]},"_coverageSchema":"1a1c01bbd47fc00a2c39e90264f33305004495a9","hash":"5c2161a05e94fe0f32887ab76b423586901fdb85"}
}
